This is pdfTeX, Version 3.1415926-2.5-1.40.14 (TeX Live 2013/Debian) (format=pdflatex 2013.11.29)  29 NOV 2013 02:21
entering extended mode
 restricted \write18 enabled.
 %&-line parsing enabled.
**deKokMethenitis3.tex
(./deKokMethenitis3.tex
LaTeX2e <2011/06/27>
Babel <3.9f> and hyphenation patterns for 78 languages loaded.
(/usr/share/texlive/texmf-dist/tex/latex/base/article.cls
Document Class: article 2007/10/19 v1.4h Standard LaTeX document class
(/usr/share/texlive/texmf-dist/tex/latex/base/size10.clo
File: size10.clo 2007/10/19 v1.4h Standard LaTeX file (size option)
)
\c@part=\count79
\c@section=\count80
\c@subsection=\count81
\c@subsubsection=\count82
\c@paragraph=\count83
\c@subparagraph=\count84
\c@figure=\count85
\c@table=\count86
\abovecaptionskip=\skip41
\belowcaptionskip=\skip42
\bibindent=\dimen102
)
(/usr/share/texlive/texmf-dist/tex/generic/babel/babel.sty
Package: babel 2013/05/16 v3.9f The Babel package

(/usr/share/texlive/texmf-dist/tex/generic/babel-english/english.ldf
Language: english 2012/08/20 v3.3p English support from the babel system

(/usr/share/texlive/texmf-dist/tex/generic/babel/babel.def
File: babel.def 2013/05/16 v3.9f Babel common definitions
\babel@savecnt=\count87
\U@D=\dimen103
)
\l@canadian = a dialect from \language\l@american 
\l@australian = a dialect from \language\l@british 
\l@newzealand = a dialect from \language\l@british 
))
(/usr/share/texlive/texmf-dist/tex/latex/amsfonts/amssymb.sty
Package: amssymb 2013/01/14 v3.01 AMS font symbols

(/usr/share/texlive/texmf-dist/tex/latex/amsfonts/amsfonts.sty
Package: amsfonts 2013/01/14 v3.01 Basic AMSFonts support
\@emptytoks=\toks14
\symAMSa=\mathgroup4
\symAMSb=\mathgroup5
LaTeX Font Info:    Overwriting math alphabet `\mathfrak' in version `bold'
(Font)                  U/euf/m/n --> U/euf/b/n on input line 106.
))
(/usr/share/texlive/texmf-dist/tex/latex/fancyhdr/fancyhdr.sty
\fancy@headwidth=\skip43
\f@ncyO@elh=\skip44
\f@ncyO@erh=\skip45
\f@ncyO@olh=\skip46
\f@ncyO@orh=\skip47
\f@ncyO@elf=\skip48
\f@ncyO@erf=\skip49
\f@ncyO@olf=\skip50
\f@ncyO@orf=\skip51
)
(/usr/share/texlive/texmf-dist/tex/latex/graphics/graphicx.sty
Package: graphicx 1999/02/16 v1.0f Enhanced LaTeX Graphics (DPC,SPQR)

(/usr/share/texlive/texmf-dist/tex/latex/graphics/keyval.sty
Package: keyval 1999/03/16 v1.13 key=value parser (DPC)
\KV@toks@=\toks15
)
(/usr/share/texlive/texmf-dist/tex/latex/graphics/graphics.sty
Package: graphics 2009/02/05 v1.0o Standard LaTeX Graphics (DPC,SPQR)

(/usr/share/texlive/texmf-dist/tex/latex/graphics/trig.sty
Package: trig 1999/03/16 v1.09 sin cos tan (DPC)
)
(/usr/share/texlive/texmf-dist/tex/latex/latexconfig/graphics.cfg
File: graphics.cfg 2010/04/23 v1.9 graphics configuration of TeX Live
)
Package graphics Info: Driver file: pdftex.def on input line 91.

(/usr/share/texlive/texmf-dist/tex/latex/pdftex-def/pdftex.def
File: pdftex.def 2011/05/27 v0.06d Graphics/color for pdfTeX

(/usr/share/texlive/texmf-dist/tex/generic/oberdiek/infwarerr.sty
Package: infwarerr 2010/04/08 v1.3 Providing info/warning/error messages (HO)
)
(/usr/share/texlive/texmf-dist/tex/generic/oberdiek/ltxcmds.sty
Package: ltxcmds 2011/11/09 v1.22 LaTeX kernel commands for general use (HO)
)
\Gread@gobject=\count88
))
\Gin@req@height=\dimen104
\Gin@req@width=\dimen105
)
(/usr/share/texlive/texmf-dist/tex/latex/hyperref/hyperref.sty
Package: hyperref 2012/11/06 v6.83m Hypertext links for LaTeX

(/usr/share/texlive/texmf-dist/tex/generic/oberdiek/hobsub-hyperref.sty
Package: hobsub-hyperref 2012/05/28 v1.13 Bundle oberdiek, subset hyperref (HO)


(/usr/share/texlive/texmf-dist/tex/generic/oberdiek/hobsub-generic.sty
Package: hobsub-generic 2012/05/28 v1.13 Bundle oberdiek, subset generic (HO)
Package: hobsub 2012/05/28 v1.13 Construct package bundles (HO)
Package hobsub Info: Skipping package `infwarerr' (already loaded).
Package hobsub Info: Skipping package `ltxcmds' (already loaded).
Package: ifluatex 2010/03/01 v1.3 Provides the ifluatex switch (HO)
Package ifluatex Info: LuaTeX not detected.
Package: ifvtex 2010/03/01 v1.5 Detect VTeX and its facilities (HO)
Package ifvtex Info: VTeX not detected.
Package: intcalc 2007/09/27 v1.1 Expandable calculations with integers (HO)
Package: ifpdf 2011/01/30 v2.3 Provides the ifpdf switch (HO)
Package ifpdf Info: pdfTeX in PDF mode is detected.
Package: etexcmds 2011/02/16 v1.5 Avoid name clashes with e-TeX commands (HO)
Package etexcmds Info: Could not find \expanded.
(etexcmds)             That can mean that you are not using pdfTeX 1.50 or
(etexcmds)             that some package has redefined \expanded.
(etexcmds)             In the latter case, load this package earlier.
Package: kvsetkeys 2012/04/25 v1.16 Key value parser (HO)
Package: kvdefinekeys 2011/04/07 v1.3 Define keys (HO)
Package: pdftexcmds 2011/11/29 v0.20 Utility functions of pdfTeX for LuaTeX (HO
)
Package pdftexcmds Info: LuaTeX not detected.
Package pdftexcmds Info: \pdf@primitive is available.
Package pdftexcmds Info: \pdf@ifprimitive is available.
Package pdftexcmds Info: \pdfdraftmode found.
Package: pdfescape 2011/11/25 v1.13 Implements pdfTeX's escape features (HO)
Package: bigintcalc 2012/04/08 v1.3 Expandable calculations on big integers (HO
)
Package: bitset 2011/01/30 v1.1 Handle bit-vector datatype (HO)
Package: uniquecounter 2011/01/30 v1.2 Provide unlimited unique counter (HO)
)
Package hobsub Info: Skipping package `hobsub' (already loaded).
Package: letltxmacro 2010/09/02 v1.4 Let assignment for LaTeX macros (HO)
Package: hopatch 2012/05/28 v1.2 Wrapper for package hooks (HO)
Package: xcolor-patch 2011/01/30 xcolor patch
Package: atveryend 2011/06/30 v1.8 Hooks at the very end of document (HO)
Package atveryend Info: \enddocument detected (standard20110627).
Package: atbegshi 2011/10/05 v1.16 At begin shipout hook (HO)
Package: refcount 2011/10/16 v3.4 Data extraction from label references (HO)
Package: hycolor 2011/01/30 v1.7 Color options for hyperref/bookmark (HO)
)
(/usr/share/texlive/texmf-dist/tex/generic/ifxetex/ifxetex.sty
Package: ifxetex 2010/09/12 v0.6 Provides ifxetex conditional
)
(/usr/share/texlive/texmf-dist/tex/latex/oberdiek/auxhook.sty
Package: auxhook 2011/03/04 v1.3 Hooks for auxiliary files (HO)
)
(/usr/share/texlive/texmf-dist/tex/latex/oberdiek/kvoptions.sty
Package: kvoptions 2011/06/30 v3.11 Key value format for package options (HO)
)
\@linkdim=\dimen106
\Hy@linkcounter=\count89
\Hy@pagecounter=\count90

(/usr/share/texlive/texmf-dist/tex/latex/hyperref/pd1enc.def
File: pd1enc.def 2012/11/06 v6.83m Hyperref: PDFDocEncoding definition (HO)
)
\Hy@SavedSpaceFactor=\count91

(/usr/share/texlive/texmf-dist/tex/latex/latexconfig/hyperref.cfg
File: hyperref.cfg 2002/06/06 v1.2 hyperref configuration of TeXLive
)
Package hyperref Info: Option `ocgcolorlinks' set `true' on input line 4319.
Package hyperref Info: Hyper figures OFF on input line 4443.
Package hyperref Info: Link nesting OFF on input line 4448.
Package hyperref Info: Hyper index ON on input line 4451.
Package hyperref Info: Plain pages OFF on input line 4458.
Package hyperref Info: Backreferencing OFF on input line 4463.
Package hyperref Info: Implicit mode ON; LaTeX internals redefined.
Package hyperref Info: Bookmarks ON on input line 4688.
\c@Hy@tempcnt=\count92

(/usr/share/texlive/texmf-dist/tex/latex/url/url.sty
\Urlmuskip=\muskip10
Package: url 2006/04/12  ver 3.3  Verb mode for urls, etc.
)
LaTeX Info: Redefining \url on input line 5041.
\XeTeXLinkMargin=\dimen107
\Fld@menulength=\count93
\Field@Width=\dimen108
\Fld@charsize=\dimen109
Package hyperref Info: Hyper figures OFF on input line 6295.
Package hyperref Info: Link nesting OFF on input line 6300.
Package hyperref Info: Hyper index ON on input line 6303.
Package hyperref Info: backreferencing OFF on input line 6310.
Package hyperref Info: Link coloring OFF on input line 6315.
Package hyperref Info: Link coloring with OCG ON on input line 6318.
Package hyperref Info: PDF/A mode OFF on input line 6325.
LaTeX Info: Redefining \ref on input line 6365.
LaTeX Info: Redefining \pageref on input line 6369.
\Hy@abspage=\count94
\c@Item=\count95
\c@Hfootnote=\count96
)

Package hyperref Message: Driver (autodetected): hpdftex.

(/usr/share/texlive/texmf-dist/tex/latex/hyperref/hpdftex.def
File: hpdftex.def 2012/11/06 v6.83m Hyperref driver for pdfTeX
\Fld@listcount=\count97
\c@bookmark@seq@number=\count98

(/usr/share/texlive/texmf-dist/tex/latex/oberdiek/rerunfilecheck.sty
Package: rerunfilecheck 2011/04/15 v1.7 Rerun checks for auxiliary files (HO)
Package uniquecounter Info: New unique counter `rerunfilecheck' on input line 2
82.
)
\Hy@SectionHShift=\skip52
)
(/usr/share/texlive/texmf-dist/tex/latex/todonotes/todonotes.sty
Package: todonotes 2012/07/25 .dtx Todonotes source and documentation.
Package: todonotes 2012/07/25

(/usr/share/texlive/texmf-dist/tex/latex/base/ifthen.sty
Package: ifthen 2001/05/26 v1.1c Standard LaTeX ifthen package (DPC)
)
(/usr/share/texlive/texmf-dist/tex/latex/xkeyval/xkeyval.sty
Package: xkeyval 2012/10/14 v2.6b package option processing (HA)

(/usr/share/texlive/texmf-dist/tex/generic/xkeyval/xkeyval.tex
\XKV@toks=\toks16
\XKV@tempa@toks=\toks17
\XKV@depth=\count99
File: xkeyval.tex 2012/10/14 v2.6b key=value parser (HA)
))
(/usr/share/texmf/tex/latex/xcolor/xcolor.sty
Package: xcolor 2007/01/21 v2.11 LaTeX color extensions (UK)

(/usr/share/texlive/texmf-dist/tex/latex/latexconfig/color.cfg
File: color.cfg 2007/01/18 v1.5 color configuration of teTeX/TeXLive
)
Package xcolor Info: Driver file: pdftex.def on input line 225.
Package xcolor Info: Model `cmy' substituted by `cmy0' on input line 1337.
Package xcolor Info: Model `hsb' substituted by `rgb' on input line 1341.
Package xcolor Info: Model `RGB' extended on input line 1353.
Package xcolor Info: Model `HTML' substituted by `rgb' on input line 1355.
Package xcolor Info: Model `Hsb' substituted by `hsb' on input line 1356.
Package xcolor Info: Model `tHsb' substituted by `hsb' on input line 1357.
Package xcolor Info: Model `HSB' substituted by `hsb' on input line 1358.
Package xcolor Info: Model `Gray' substituted by `gray' on input line 1359.
Package xcolor Info: Model `wave' substituted by `hsb' on input line 1360.
)
(/usr/share/texmf/tex/latex/pgf/frontendlayer/tikz.sty
(/usr/share/texmf/tex/latex/pgf/basiclayer/pgf.sty
(/usr/share/texmf/tex/latex/pgf/utilities/pgfrcs.sty
(/usr/share/texmf/tex/generic/pgf/utilities/pgfutil-common.tex
\pgfutil@everybye=\toks18
)
(/usr/share/texmf/tex/generic/pgf/utilities/pgfutil-latex.def
\pgfutil@abb=\box26

(/usr/share/texlive/texmf-dist/tex/latex/ms/everyshi.sty
Package: everyshi 2001/05/15 v3.00 EveryShipout Package (MS)
))
(/usr/share/texmf/tex/generic/pgf/utilities/pgfrcs.code.tex
Package: pgfrcs 2010/10/25 v2.10 (rcs-revision 1.24)
))
Package: pgf 2008/01/15 v2.10 (rcs-revision 1.12)

(/usr/share/texmf/tex/latex/pgf/basiclayer/pgfcore.sty
(/usr/share/texmf/tex/latex/pgf/systemlayer/pgfsys.sty
(/usr/share/texmf/tex/generic/pgf/systemlayer/pgfsys.code.tex
Package: pgfsys 2010/06/30 v2.10 (rcs-revision 1.37)

(/usr/share/texmf/tex/generic/pgf/utilities/pgfkeys.code.tex
\pgfkeys@pathtoks=\toks19
\pgfkeys@temptoks=\toks20

(/usr/share/texmf/tex/generic/pgf/utilities/pgfkeysfiltered.code.tex
\pgfkeys@tmptoks=\toks21
))
\pgf@x=\dimen110
\pgf@y=\dimen111
\pgf@xa=\dimen112
\pgf@ya=\dimen113
\pgf@xb=\dimen114
\pgf@yb=\dimen115
\pgf@xc=\dimen116
\pgf@yc=\dimen117
\w@pgf@writea=\write3
\r@pgf@reada=\read1
\c@pgf@counta=\count100
\c@pgf@countb=\count101
\c@pgf@countc=\count102
\c@pgf@countd=\count103

(/usr/share/texmf/tex/generic/pgf/systemlayer/pgf.cfg
File: pgf.cfg 2008/05/14  (rcs-revision 1.7)
)
Package pgfsys Info: Driver file for pgf: pgfsys-pdftex.def on input line 900.

(/usr/share/texmf/tex/generic/pgf/systemlayer/pgfsys-pdftex.def
File: pgfsys-pdftex.def 2009/05/22  (rcs-revision 1.26)

(/usr/share/texmf/tex/generic/pgf/systemlayer/pgfsys-common-pdf.def
File: pgfsys-common-pdf.def 2008/05/19  (rcs-revision 1.10)
)))
(/usr/share/texmf/tex/generic/pgf/systemlayer/pgfsyssoftpath.code.tex
File: pgfsyssoftpath.code.tex 2008/07/18  (rcs-revision 1.7)
\pgfsyssoftpath@smallbuffer@items=\count104
\pgfsyssoftpath@bigbuffer@items=\count105
)
(/usr/share/texmf/tex/generic/pgf/systemlayer/pgfsysprotocol.code.tex
File: pgfsysprotocol.code.tex 2006/10/16  (rcs-revision 1.4)
))
(/usr/share/texmf/tex/generic/pgf/basiclayer/pgfcore.code.tex
Package: pgfcore 2010/04/11 v2.10 (rcs-revision 1.7)

(/usr/share/texmf/tex/generic/pgf/math/pgfmath.code.tex
(/usr/share/texmf/tex/generic/pgf/math/pgfmathcalc.code.tex
(/usr/share/texmf/tex/generic/pgf/math/pgfmathutil.code.tex)
(/usr/share/texmf/tex/generic/pgf/math/pgfmathparser.code.tex
\pgfmath@dimen=\dimen118
\pgfmath@count=\count106
\pgfmath@box=\box27
\pgfmath@toks=\toks22
\pgfmath@stack@operand=\toks23
\pgfmath@stack@operation=\toks24
)
(/usr/share/texmf/tex/generic/pgf/math/pgfmathfunctions.code.tex
(/usr/share/texmf/tex/generic/pgf/math/pgfmathfunctions.basic.code.tex)
(/usr/share/texmf/tex/generic/pgf/math/pgfmathfunctions.trigonometric.code.tex)
(/usr/share/texmf/tex/generic/pgf/math/pgfmathfunctions.random.code.tex)
(/usr/share/texmf/tex/generic/pgf/math/pgfmathfunctions.comparison.code.tex)
(/usr/share/texmf/tex/generic/pgf/math/pgfmathfunctions.base.code.tex)
(/usr/share/texmf/tex/generic/pgf/math/pgfmathfunctions.round.code.tex)
(/usr/share/texmf/tex/generic/pgf/math/pgfmathfunctions.misc.code.tex)))
(/usr/share/texmf/tex/generic/pgf/math/pgfmathfloat.code.tex
\c@pgfmathroundto@lastzeros=\count107
))
(/usr/share/texmf/tex/generic/pgf/basiclayer/pgfcorepoints.code.tex
File: pgfcorepoints.code.tex 2010/04/09  (rcs-revision 1.20)
\pgf@picminx=\dimen119
\pgf@picmaxx=\dimen120
\pgf@picminy=\dimen121
\pgf@picmaxy=\dimen122
\pgf@pathminx=\dimen123
\pgf@pathmaxx=\dimen124
\pgf@pathminy=\dimen125
\pgf@pathmaxy=\dimen126
\pgf@xx=\dimen127
\pgf@xy=\dimen128
\pgf@yx=\dimen129
\pgf@yy=\dimen130
\pgf@zx=\dimen131
\pgf@zy=\dimen132
)
(/usr/share/texmf/tex/generic/pgf/basiclayer/pgfcorepathconstruct.code.tex
File: pgfcorepathconstruct.code.tex 2010/08/03  (rcs-revision 1.24)
\pgf@path@lastx=\dimen133
\pgf@path@lasty=\dimen134
)
(/usr/share/texmf/tex/generic/pgf/basiclayer/pgfcorepathusage.code.tex
File: pgfcorepathusage.code.tex 2008/04/22  (rcs-revision 1.12)
\pgf@shorten@end@additional=\dimen135
\pgf@shorten@start@additional=\dimen136
)
(/usr/share/texmf/tex/generic/pgf/basiclayer/pgfcorescopes.code.tex
File: pgfcorescopes.code.tex 2010/09/08  (rcs-revision 1.34)
\pgfpic=\box28
\pgf@hbox=\box29
\pgf@layerbox@main=\box30
\pgf@picture@serial@count=\count108
)
(/usr/share/texmf/tex/generic/pgf/basiclayer/pgfcoregraphicstate.code.tex
File: pgfcoregraphicstate.code.tex 2008/04/22  (rcs-revision 1.9)
\pgflinewidth=\dimen137
)
(/usr/share/texmf/tex/generic/pgf/basiclayer/pgfcoretransformations.code.tex
File: pgfcoretransformations.code.tex 2009/06/10  (rcs-revision 1.11)
\pgf@pt@x=\dimen138
\pgf@pt@y=\dimen139
\pgf@pt@temp=\dimen140
)
(/usr/share/texmf/tex/generic/pgf/basiclayer/pgfcorequick.code.tex
File: pgfcorequick.code.tex 2008/10/09  (rcs-revision 1.3)
)
(/usr/share/texmf/tex/generic/pgf/basiclayer/pgfcoreobjects.code.tex
File: pgfcoreobjects.code.tex 2006/10/11  (rcs-revision 1.2)
)
(/usr/share/texmf/tex/generic/pgf/basiclayer/pgfcorepathprocessing.code.tex
File: pgfcorepathprocessing.code.tex 2008/10/09  (rcs-revision 1.8)
)
(/usr/share/texmf/tex/generic/pgf/basiclayer/pgfcorearrows.code.tex
File: pgfcorearrows.code.tex 2008/04/23  (rcs-revision 1.11)
)
(/usr/share/texmf/tex/generic/pgf/basiclayer/pgfcoreshade.code.tex
File: pgfcoreshade.code.tex 2008/11/23  (rcs-revision 1.13)
\pgf@max=\dimen141
\pgf@sys@shading@range@num=\count109
)
(/usr/share/texmf/tex/generic/pgf/basiclayer/pgfcoreimage.code.tex
File: pgfcoreimage.code.tex 2010/03/25  (rcs-revision 1.16)

(/usr/share/texmf/tex/generic/pgf/basiclayer/pgfcoreexternal.code.tex
File: pgfcoreexternal.code.tex 2010/09/01  (rcs-revision 1.17)
\pgfexternal@startupbox=\box31
))
(/usr/share/texmf/tex/generic/pgf/basiclayer/pgfcorelayers.code.tex
File: pgfcorelayers.code.tex 2010/08/27  (rcs-revision 1.2)
)
(/usr/share/texmf/tex/generic/pgf/basiclayer/pgfcoretransparency.code.tex
File: pgfcoretransparency.code.tex 2008/01/17  (rcs-revision 1.2)
)
(/usr/share/texmf/tex/generic/pgf/basiclayer/pgfcorepatterns.code.tex
File: pgfcorepatterns.code.tex 2009/07/02  (rcs-revision 1.3)
)))
(/usr/share/texmf/tex/generic/pgf/modules/pgfmoduleshapes.code.tex
File: pgfmoduleshapes.code.tex 2010/09/09  (rcs-revision 1.13)
\pgfnodeparttextbox=\box32
)
(/usr/share/texmf/tex/generic/pgf/modules/pgfmoduleplot.code.tex
File: pgfmoduleplot.code.tex 2010/10/22  (rcs-revision 1.8)
)
(/usr/share/texmf/tex/latex/pgf/compatibility/pgfcomp-version-0-65.sty
Package: pgfcomp-version-0-65 2007/07/03 v2.10 (rcs-revision 1.7)
\pgf@nodesepstart=\dimen142
\pgf@nodesepend=\dimen143
)
(/usr/share/texmf/tex/latex/pgf/compatibility/pgfcomp-version-1-18.sty
Package: pgfcomp-version-1-18 2007/07/23 v2.10 (rcs-revision 1.1)
))
(/usr/share/texmf/tex/latex/pgf/utilities/pgffor.sty
(/usr/share/texmf/tex/latex/pgf/utilities/pgfkeys.sty
(/usr/share/texmf/tex/generic/pgf/utilities/pgfkeys.code.tex))
(/usr/share/texmf/tex/generic/pgf/utilities/pgffor.code.tex
Package: pgffor 2010/03/23 v2.10 (rcs-revision 1.18)
\pgffor@iter=\dimen144
\pgffor@skip=\dimen145
\pgffor@stack=\toks25
\pgffor@toks=\toks26
))
(/usr/share/texmf/tex/generic/pgf/frontendlayer/tikz/tikz.code.tex
Package: tikz 2010/10/13 v2.10 (rcs-revision 1.76)

(/usr/share/texmf/tex/generic/pgf/libraries/pgflibraryplothandlers.code.tex
File: pgflibraryplothandlers.code.tex 2010/05/31 v2.10 (rcs-revision 1.15)
\pgf@plot@mark@count=\count110
\pgfplotmarksize=\dimen146
)
\tikz@lastx=\dimen147
\tikz@lasty=\dimen148
\tikz@lastxsaved=\dimen149
\tikz@lastysaved=\dimen150
\tikzleveldistance=\dimen151
\tikzsiblingdistance=\dimen152
\tikz@figbox=\box33
\tikz@tempbox=\box34
\tikztreelevel=\count111
\tikznumberofchildren=\count112
\tikznumberofcurrentchild=\count113
\tikz@fig@count=\count114

(/usr/share/texmf/tex/generic/pgf/modules/pgfmodulematrix.code.tex
File: pgfmodulematrix.code.tex 2010/08/24  (rcs-revision 1.4)
\pgfmatrixcurrentrow=\count115
\pgfmatrixcurrentcolumn=\count116
\pgf@matrix@numberofcolumns=\count117
)
\tikz@expandcount=\count118

(/usr/share/texmf/tex/generic/pgf/frontendlayer/tikz/libraries/tikzlibrarytopat
hs.code.tex
File: tikzlibrarytopaths.code.tex 2008/06/17 v2.10 (rcs-revision 1.2)
)))
(/usr/share/texmf/tex/generic/pgf/frontendlayer/tikz/libraries/tikzlibraryposit
ioning.code.tex
File: tikzlibrarypositioning.code.tex 2008/10/06 v2.10 (rcs-revision 1.7)
) (/usr/share/texlive/texmf-dist/tex/latex/tools/calc.sty
Package: calc 2007/08/22 v4.3 Infix arithmetic (KKT,FJ)
\calc@Acount=\count119
\calc@Bcount=\count120
\calc@Adimen=\dimen153
\calc@Bdimen=\dimen154
\calc@Askip=\skip53
\calc@Bskip=\skip54
LaTeX Info: Redefining \setlength on input line 76.
LaTeX Info: Redefining \addtolength on input line 77.
\calc@Ccount=\count121
\calc@Cskip=\skip55
)
\c@@todonotes@numberoftodonotes=\count122
)
(/usr/share/texlive/texmf-dist/tex/latex/caption/caption.sty
Package: caption 2013/05/02 v3.3-89 Customizing captions (AR)

(/usr/share/texlive/texmf-dist/tex/latex/caption/caption3.sty
Package: caption3 2013/05/02 v1.6-88 caption3 kernel (AR)
Package caption3 Info: TeX engine: e-TeX on input line 57.
\captionmargin=\dimen155
\captionmargin@=\dimen156
\captionwidth=\dimen157
\caption@tempdima=\dimen158
\caption@indent=\dimen159
\caption@parindent=\dimen160
\caption@hangindent=\dimen161
)
\c@ContinuedFloat=\count123
Package caption Info: hyperref package is loaded.
)
(/usr/share/texlive/texmf-dist/tex/latex/caption/subcaption.sty
Package: subcaption 2013/02/03 v1.1-62 Sub-captions (AR)
\c@subfigure=\count124
\c@subtable=\count125
)
(/usr/share/texlive/texmf-dist/tex/latex/oberdiek/epstopdf.sty
Package: epstopdf 2010/02/09 v2.5 Conversion with epstopdf on the fly (HO)

(/usr/share/texlive/texmf-dist/tex/latex/oberdiek/epstopdf-base.sty
Package: epstopdf-base 2010/02/09 v2.5 Base part for package epstopdf

(/usr/share/texlive/texmf-dist/tex/latex/oberdiek/grfext.sty
Package: grfext 2010/08/19 v1.1 Manage graphics extensions (HO)
)
Package grfext Info: Graphics extension search list:
(grfext)             [.png,.pdf,.jpg,.mps,.jpeg,.jbig2,.jb2,.PNG,.PDF,.JPG,.JPE
G,.JBIG2,.JB2,.eps]
(grfext)             \AppendGraphicsExtensions on input line 452.

(/usr/share/texlive/texmf-dist/tex/latex/latexconfig/epstopdf-sys.cfg
File: epstopdf-sys.cfg 2010/07/13 v1.3 Configuration of (r)epstopdf for TeX Liv
e
)))

Package Fancyhdr Warning: \fancyhead's `E' option without twoside option is use
less on input line 15.


Package Fancyhdr Warning: \fancyhead's `E' option without twoside option is use
less on input line 16.


Package Fancyhdr Warning: \fancyfoot's `E' option without twoside option is use
less on input line 17.

(./deKokMethenitis3.aux)
\openout1 = `deKokMethenitis3.aux'.

LaTeX Font Info:    Checking defaults for OML/cmm/m/it on input line 24.
LaTeX Font Info:    ... okay on input line 24.
LaTeX Font Info:    Checking defaults for T1/cmr/m/n on input line 24.
LaTeX Font Info:    ... okay on input line 24.
LaTeX Font Info:    Checking defaults for OT1/cmr/m/n on input line 24.
LaTeX Font Info:    ... okay on input line 24.
LaTeX Font Info:    Checking defaults for OMS/cmsy/m/n on input line 24.
LaTeX Font Info:    ... okay on input line 24.
LaTeX Font Info:    Checking defaults for OMX/cmex/m/n on input line 24.
LaTeX Font Info:    ... okay on input line 24.
LaTeX Font Info:    Checking defaults for U/cmr/m/n on input line 24.
LaTeX Font Info:    ... okay on input line 24.
LaTeX Font Info:    Checking defaults for PD1/pdf/m/n on input line 24.
LaTeX Font Info:    ... okay on input line 24.

(/usr/share/texlive/texmf-dist/tex/context/base/supp-pdf.mkii
[Loading MPS to PDF converter (version 2006.09.02).]
\scratchcounter=\count126
\scratchdimen=\dimen162
\scratchbox=\box35
\nofMPsegments=\count127
\nofMParguments=\count128
\everyMPshowfont=\toks27
\MPscratchCnt=\count129
\MPscratchDim=\dimen163
\MPnumerator=\count130
\makeMPintoPDFobject=\count131
\everyMPtoPDFconversion=\toks28
)
\AtBeginShipoutBox=\box36
Package hyperref Info: Option `colorlinks' set `true' on input line 24.
Package hyperref Info: Link coloring ON on input line 24.
 (/usr/share/texlive/texmf-dist/tex/latex/hyperref/nameref.sty
Package: nameref 2012/10/27 v2.43 Cross-referencing by name of section

(/usr/share/texlive/texmf-dist/tex/generic/oberdiek/gettitlestring.sty
Package: gettitlestring 2010/12/03 v1.4 Cleanup title references (HO)
)
\c@section@level=\count132
)
LaTeX Info: Redefining \ref on input line 24.
LaTeX Info: Redefining \pageref on input line 24.
LaTeX Info: Redefining \nameref on input line 24.

(./deKokMethenitis3.out) (./deKokMethenitis3.out)
\@outlinefile=\write4
\openout4 = `deKokMethenitis3.out'.


ABD: EveryShipout initializing macros
Package caption Info: Begin \AtBeginDocument code.
Package caption Info: End \AtBeginDocument code.
LaTeX Font Info:    Try loading font information for U+msa on input line 26.

(/usr/share/texlive/texmf-dist/tex/latex/amsfonts/umsa.fd
File: umsa.fd 2013/01/14 v3.01 AMS symbols A
)
LaTeX Font Info:    Try loading font information for U+msb on input line 26.

(/usr/share/texlive/texmf-dist/tex/latex/amsfonts/umsb.fd
File: umsb.fd 2013/01/14 v3.01 AMS symbols B
)

Package hyperref Warning: Token not allowed in a PDF string (PDFDocEncoding):
(hyperref)                removing `math shift' on input line 28.


Package hyperref Warning: Token not allowed in a PDF string (PDFDocEncoding):
(hyperref)                removing `math shift' on input line 28.

Package epstopdf Info: Source file: <figure_1.eps>
(epstopdf)                    date: 2013-11-29 00:50:40
(epstopdf)                    size: 19469 bytes
(epstopdf)             Output file: <figure_1-eps-converted-to.pdf>
(epstopdf)                    date: 2013-11-29 01:26:30
(epstopdf)                    size: 10320 bytes
(epstopdf)             Command: <repstopdf --outfile=figure_1-eps-converted-to.
pdf figure_1.eps>
(epstopdf)             \includegraphics on input line 36.
Package epstopdf Info: Output file is already uptodate.
<figure_1-eps-converted-to.pdf, id=47, 587.19376pt x 442.65375pt>
File: figure_1-eps-converted-to.pdf Graphic file (type pdf)

<use figure_1-eps-converted-to.pdf>
Package pdftex.def Info: figure_1-eps-converted-to.pdf used on input line 36.
(pdftex.def)             Requested size: 110.40318pt x 83.227pt.
Package epstopdf Info: Source file: <figure_2.eps>
(epstopdf)                    date: 2013-11-29 00:50:11
(epstopdf)                    size: 22594 bytes
(epstopdf)             Output file: <figure_2-eps-converted-to.pdf>
(epstopdf)                    date: 2013-11-29 01:27:39
(epstopdf)                    size: 22700 bytes
(epstopdf)             Command: <repstopdf --outfile=figure_2-eps-converted-to.
pdf figure_2.eps>
(epstopdf)             \includegraphics on input line 37.
Package epstopdf Info: Output file is already uptodate.

<figure_2-eps-converted-to.pdf, id=48, 587.19376pt x 442.65375pt>
File: figure_2-eps-converted-to.pdf Graphic file (type pdf)

<use figure_2-eps-converted-to.pdf>
Package pdftex.def Info: figure_2-eps-converted-to.pdf used on input line 37.
(pdftex.def)             Requested size: 110.40318pt x 83.227pt.
Package epstopdf Info: Source file: <figure_3.eps>
(epstopdf)                    date: 2013-11-29 00:50:27
(epstopdf)                    size: 22593 bytes
(epstopdf)             Output file: <figure_3-eps-converted-to.pdf>
(epstopdf)                    date: 2013-11-29 01:27:39
(epstopdf)                    size: 22702 bytes
(epstopdf)             Command: <repstopdf --outfile=figure_3-eps-converted-to.
pdf figure_3.eps>
(epstopdf)             \includegraphics on input line 38.
Package epstopdf Info: Output file is already uptodate.

<figure_3-eps-converted-to.pdf, id=49, 587.19376pt x 442.65375pt>
File: figure_3-eps-converted-to.pdf Graphic file (type pdf)

<use figure_3-eps-converted-to.pdf>
Package pdftex.def Info: figure_3-eps-converted-to.pdf used on input line 38.
(pdftex.def)             Requested size: 110.40318pt x 83.227pt.
Package epstopdf Info: Source file: <figure_4.eps>
(epstopdf)                    date: 2013-11-29 00:55:01
(epstopdf)                    size: 20029 bytes
(epstopdf)             Output file: <figure_4-eps-converted-to.pdf>
(epstopdf)                    date: 2013-11-29 01:29:39
(epstopdf)                    size: 10416 bytes
(epstopdf)             Command: <repstopdf --outfile=figure_4-eps-converted-to.
pdf figure_4.eps>
(epstopdf)             \includegraphics on input line 43.
Package epstopdf Info: Output file is already uptodate.

<figure_4-eps-converted-to.pdf, id=50, 587.19376pt x 442.65375pt>
File: figure_4-eps-converted-to.pdf Graphic file (type pdf)

<use figure_4-eps-converted-to.pdf>
Package pdftex.def Info: figure_4-eps-converted-to.pdf used on input line 43.
(pdftex.def)             Requested size: 110.40318pt x 83.227pt.
Package epstopdf Info: Source file: <figure_5.eps>
(epstopdf)                    date: 2013-11-29 00:55:11
(epstopdf)                    size: 24162 bytes
(epstopdf)             Output file: <figure_5-eps-converted-to.pdf>
(epstopdf)                    date: 2013-11-29 01:29:40
(epstopdf)                    size: 22831 bytes
(epstopdf)             Command: <repstopdf --outfile=figure_5-eps-converted-to.
pdf figure_5.eps>
(epstopdf)             \includegraphics on input line 44.
Package epstopdf Info: Output file is already uptodate.

<figure_5-eps-converted-to.pdf, id=51, 587.19376pt x 442.65375pt>
File: figure_5-eps-converted-to.pdf Graphic file (type pdf)

<use figure_5-eps-converted-to.pdf>
Package pdftex.def Info: figure_5-eps-converted-to.pdf used on input line 44.
(pdftex.def)             Requested size: 110.40318pt x 83.227pt.
Package epstopdf Info: Source file: <figure_6.eps>
(epstopdf)                    date: 2013-11-29 00:55:24
(epstopdf)                    size: 24159 bytes
(epstopdf)             Output file: <figure_6-eps-converted-to.pdf>
(epstopdf)                    date: 2013-11-29 01:29:40
(epstopdf)                    size: 22843 bytes
(epstopdf)             Command: <repstopdf --outfile=figure_6-eps-converted-to.
pdf figure_6.eps>
(epstopdf)             \includegraphics on input line 45.
Package epstopdf Info: Output file is already uptodate.

<figure_6-eps-converted-to.pdf, id=52, 587.19376pt x 442.65375pt>
File: figure_6-eps-converted-to.pdf Graphic file (type pdf)

<use figure_6-eps-converted-to.pdf>
Package pdftex.def Info: figure_6-eps-converted-to.pdf used on input line 45.
(pdftex.def)             Requested size: 110.40318pt x 83.227pt.
Package epstopdf Info: Source file: <figure_7.eps>
(epstopdf)                    date: 2013-11-29 00:53:41
(epstopdf)                    size: 21393 bytes
(epstopdf)             Output file: <figure_7-eps-converted-to.pdf>
(epstopdf)                    date: 2013-11-29 01:30:12
(epstopdf)                    size: 10638 bytes
(epstopdf)             Command: <repstopdf --outfile=figure_7-eps-converted-to.
pdf figure_7.eps>
(epstopdf)             \includegraphics on input line 50.
Package epstopdf Info: Output file is already uptodate.

<figure_7-eps-converted-to.pdf, id=53, 587.19376pt x 442.65375pt>
File: figure_7-eps-converted-to.pdf Graphic file (type pdf)

<use figure_7-eps-converted-to.pdf>
Package pdftex.def Info: figure_7-eps-converted-to.pdf used on input line 50.
(pdftex.def)             Requested size: 110.40318pt x 83.227pt.
Package epstopdf Info: Source file: <figure_8.eps>
(epstopdf)                    date: 2013-11-29 00:54:00
(epstopdf)                    size: 28030 bytes
(epstopdf)             Output file: <figure_8-eps-converted-to.pdf>
(epstopdf)                    date: 2013-11-29 01:30:12
(epstopdf)                    size: 23080 bytes
(epstopdf)             Command: <repstopdf --outfile=figure_8-eps-converted-to.
pdf figure_8.eps>
(epstopdf)             \includegraphics on input line 51.
Package epstopdf Info: Output file is already uptodate.

<figure_8-eps-converted-to.pdf, id=54, 587.19376pt x 442.65375pt>
File: figure_8-eps-converted-to.pdf Graphic file (type pdf)

<use figure_8-eps-converted-to.pdf>
Package pdftex.def Info: figure_8-eps-converted-to.pdf used on input line 51.
(pdftex.def)             Requested size: 110.40318pt x 83.227pt.
Package epstopdf Info: Source file: <figure_9.eps>
(epstopdf)                    date: 2013-11-29 00:54:25
(epstopdf)                    size: 28032 bytes
(epstopdf)             Output file: <figure_9-eps-converted-to.pdf>
(epstopdf)                    date: 2013-11-29 01:30:12
(epstopdf)                    size: 23119 bytes
(epstopdf)             Command: <repstopdf --outfile=figure_9-eps-converted-to.
pdf figure_9.eps>
(epstopdf)             \includegraphics on input line 52.
Package epstopdf Info: Output file is already uptodate.

<figure_9-eps-converted-to.pdf, id=55, 587.19376pt x 442.65375pt>
File: figure_9-eps-converted-to.pdf Graphic file (type pdf)

<use figure_9-eps-converted-to.pdf>
Package pdftex.def Info: figure_9-eps-converted-to.pdf used on input line 52.
(pdftex.def)             Requested size: 110.40318pt x 83.227pt.


Package hyperref Warning: Token not allowed in a PDF string (PDFDocEncoding):
(hyperref)                removing `math shift' on input line 59.


Package hyperref Warning: Token not allowed in a PDF string (PDFDocEncoding):
(hyperref)                removing `math shift' on input line 59.

Package epstopdf Info: Source file: <figure_1_1.eps>
(epstopdf)                    date: 2013-11-29 01:02:07
(epstopdf)                    size: 22595 bytes
(epstopdf)             Output file: <figure_1_1-eps-converted-to.pdf>
(epstopdf)                    date: 2013-11-29 01:35:01
(epstopdf)                    size: 22706 bytes
(epstopdf)             Command: <repstopdf --outfile=figure_1_1-eps-converted-t
o.pdf figure_1_1.eps>
(epstopdf)             \includegraphics on input line 66.
Package epstopdf Info: Output file is already uptodate.
<figure_1_1-eps-converted-to.pdf, id=57, 587.19376pt x 442.65375pt>
File: figure_1_1-eps-converted-to.pdf Graphic file (type pdf)

<use figure_1_1-eps-converted-to.pdf>
Package pdftex.def Info: figure_1_1-eps-converted-to.pdf used on input line 66.

(pdftex.def)             Requested size: 169.04536pt x 127.43419pt.
Package epstopdf Info: Source file: <figure_1_2.eps>
(epstopdf)                    date: 2013-11-29 01:03:23
(epstopdf)                    size: 22595 bytes
(epstopdf)             Output file: <figure_1_2-eps-converted-to.pdf>
(epstopdf)                    date: 2013-11-29 01:35:01
(epstopdf)                    size: 22715 bytes
(epstopdf)             Command: <repstopdf --outfile=figure_1_2-eps-converted-t
o.pdf figure_1_2.eps>
(epstopdf)             \includegraphics on input line 67.
Package epstopdf Info: Output file is already uptodate.

<figure_1_2-eps-converted-to.pdf, id=58, 587.19376pt x 442.65375pt>
File: figure_1_2-eps-converted-to.pdf Graphic file (type pdf)

<use figure_1_2-eps-converted-to.pdf>
Package pdftex.def Info: figure_1_2-eps-converted-to.pdf used on input line 67.

(pdftex.def)             Requested size: 169.04536pt x 127.43419pt.
Package epstopdf Info: Source file: <figure_1_3.eps>
(epstopdf)                    date: 2013-11-29 01:03:45
(epstopdf)                    size: 22595 bytes
(epstopdf)             Output file: <figure_1_3-eps-converted-to.pdf>
(epstopdf)                    date: 2013-11-29 01:35:01
(epstopdf)                    size: 22715 bytes
(epstopdf)             Command: <repstopdf --outfile=figure_1_3-eps-converted-t
o.pdf figure_1_3.eps>
(epstopdf)             \includegraphics on input line 71.
Package epstopdf Info: Output file is already uptodate.

<figure_1_3-eps-converted-to.pdf, id=59, 587.19376pt x 442.65375pt>
File: figure_1_3-eps-converted-to.pdf Graphic file (type pdf)

<use figure_1_3-eps-converted-to.pdf>
Package pdftex.def Info: figure_1_3-eps-converted-to.pdf used on input line 71.

(pdftex.def)             Requested size: 169.04536pt x 127.43419pt.
Package epstopdf Info: Source file: <figure_1_4.eps>
(epstopdf)                    date: 2013-11-29 01:04:16
(epstopdf)                    size: 22595 bytes
(epstopdf)             Output file: <figure_1_4-eps-converted-to.pdf>
(epstopdf)                    date: 2013-11-29 01:35:01
(epstopdf)                    size: 22715 bytes
(epstopdf)             Command: <repstopdf --outfile=figure_1_4-eps-converted-t
o.pdf figure_1_4.eps>
(epstopdf)             \includegraphics on input line 72.
Package epstopdf Info: Output file is already uptodate.

<figure_1_4-eps-converted-to.pdf, id=60, 587.19376pt x 442.65375pt>
File: figure_1_4-eps-converted-to.pdf Graphic file (type pdf)

<use figure_1_4-eps-converted-to.pdf>
Package pdftex.def Info: figure_1_4-eps-converted-to.pdf used on input line 72.

(pdftex.def)             Requested size: 169.04536pt x 127.43419pt.

Overfull \hbox (17.24684pt too wide) in paragraph at lines 90--90
[]\OT1/cmtt/m/n/10 new_center_dist = math.sqrt(math.pow(new_center_x - means[i,
 0], 2) +[] 
 []

[1

{/var/lib/texmf/fonts/map/pdftex/updmap/pdftex.map}] [2 <./figure_1-eps-convert
ed-to.pdf> <./figure_2-eps-converted-to.pdf> <./figure_3-eps-converted-to.pdf> 
<./figure_4-eps-converted-to.pdf> <./figure_5-eps-converted-to.pdf> <./figure_6
-eps-converted-to.pdf> <./figure_7-eps-converted-to.pdf> <./figure_8-eps-conver
ted-to.pdf> <./figure_9-eps-converted-to.pdf>]
<figure_2_1.png, id=208, 586.8324pt x 442.2924pt>
File: figure_2_1.png Graphic file (type png)
 <use figure_2_1.png>
Package pdftex.def Info: figure_2_1.png used on input line 97.
(pdftex.def)             Requested size: 246.68863pt x 119.5988pt.

<figure_2_2.png, id=211, 586.8324pt x 442.2924pt>
File: figure_2_2.png Graphic file (type png)
 <use figure_2_2.png>
Package pdftex.def Info: figure_2_2.png used on input line 98.
(pdftex.def)             Requested size: 246.68863pt x 119.5988pt.

<figure_2_3.png, id=213, 586.8324pt x 442.2924pt>
File: figure_2_3.png Graphic file (type png)
 <use figure_2_3.png>
Package pdftex.def Info: figure_2_3.png used on input line 99.
(pdftex.def)             Requested size: 246.68863pt x 119.5988pt.

<figure_2_4.png, id=215, 586.8324pt x 442.2924pt>
File: figure_2_4.png Graphic file (type png)
 <use figure_2_4.png>
Package pdftex.def Info: figure_2_4.png used on input line 100.
(pdftex.def)             Requested size: 246.68863pt x 119.5988pt.

<figure_2_5.png, id=217, 586.8324pt x 442.2924pt>
File: figure_2_5.png Graphic file (type png)
 <use figure_2_5.png>
Package pdftex.def Info: figure_2_5.png used on input line 101.
(pdftex.def)             Requested size: 246.68863pt x 119.5988pt.


LaTeX Warning: Float too large for page by 37.994pt on input line 104.


Package hyperref Warning: Token not allowed in a PDF string (PDFDocEncoding):
(hyperref)                removing `math shift' on input line 105.


Package hyperref Warning: Token not allowed in a PDF string (PDFDocEncoding):
(hyperref)                removing `math shift' on input line 105.

[3 <./figure_1_1-eps-converted-to.pdf> <./figure_1_2-eps-converted-to.pdf> <./f
igure_1_3-eps-converted-to.pdf> <./figure_1_4-eps-converted-to.pdf>] [4 <./figu
re_2_1.png> <./figure_2_2.png> <./figure_2_3.png> <./figure_2_4.png> <./figure_
2_5.png>] <randomimage1.png, id=301, 357.0138pt x 268.1217pt>
File: randomimage1.png Graphic file (type png)

<use randomimage1.png>
Package pdftex.def Info: randomimage1.png used on input line 114.
(pdftex.def)             Requested size: 169.05489pt x 126.96228pt.
 <randomimage2.png, id=302, 354.8457pt x 237.7683pt>
File: randomimage2.png Graphic file (type png)

<use randomimage2.png>
Package pdftex.def Info: randomimage2.png used on input line 120.
(pdftex.def)             Requested size: 169.05157pt x 113.27489pt.
 <randomimage3.png, id=303, 231.264pt x 304.9794pt>
File: randomimage3.png Graphic file (type png)

<use randomimage3.png>
Package pdftex.def Info: randomimage3.png used on input line 126.
(pdftex.def)             Requested size: 136.04228pt x 179.40578pt.
 <randomimage4.png, id=304, 392.4261pt x 261.6174pt>
File: randomimage4.png Graphic file (type png)

<use randomimage4.png>
Package pdftex.def Info: randomimage4.png used on input line 132.
(pdftex.def)             Requested size: 169.0513pt x 112.70085pt.
 <randomimage5.png, id=305, 355.5684pt x 267.399pt>
File: randomimage5.png Graphic file (type png)

<use randomimage5.png>
Package pdftex.def Info: randomimage5.png used on input line 138.
(pdftex.def)             Requested size: 169.05408pt x 127.13417pt.
 <colorbar.png, id=306, 229.0959pt x 489.9906pt>
File: colorbar.png Graphic file (type png)

<use colorbar.png>
Package pdftex.def Info: colorbar.png used on input line 144.
(pdftex.def)             Requested size: 83.87973pt x 179.40208pt.
 <word1.png, id=310, 453.1329pt x 326.6604pt>
File: word1.png Graphic file (type png)

<use word1.png>
Package pdftex.def Info: word1.png used on input line 157.
(pdftex.def)             Requested size: 169.05322pt x 121.86931pt.
 <word2.png, id=311, 453.8556pt x 313.6518pt>
File: word2.png Graphic file (type png)
 <use word2.png>
Package pdftex.def Info: word2.png used on input line 162.
(pdftex.def)             Requested size: 169.05276pt x 116.82944pt.

<word3.png, id=312, 449.5194pt x 313.6518pt>
File: word3.png Graphic file (type png)
 <use word3.png>
Package pdftex.def Info: word3.png used on input line 167.
(pdftex.def)             Requested size: 169.04948pt x 117.95413pt.

<word4.png, id=313, 453.8556pt x 354.123pt>
File: word4.png Graphic file (type png)
 <use word4.png>
Package pdftex.def Info: word4.png used on input line 172.
(pdftex.def)             Requested size: 169.05276pt x 131.9042pt.

<word5.png, id=314, 443.7378pt x 302.0886pt>
File: word5.png Graphic file (type png)
 <use word5.png>
Package pdftex.def Info: word5.png used on input line 177.
(pdftex.def)             Requested size: 169.04868pt x 115.08525pt.

<histogram1.png, id=319, 490.7133pt x 385.1991pt>
File: histogram1.png Graphic file (type png)
 <use histogram1.png>
Package pdftex.def Info: histogram1.png used on input line 189.
(pdftex.def)             Requested size: 169.04918pt x 132.69986pt.

<histogram2.png, id=320, 497.9403pt x 385.1991pt>
File: histogram2.png Graphic file (type png)
 <use histogram2.png>
Package pdftex.def Info: histogram2.png used on input line 194.
(pdftex.def)             Requested size: 169.04672pt x 130.77199pt.

<histogram3.png, id=321, 490.7133pt x 385.1991pt>
File: histogram3.png Graphic file (type png)
 <use histogram3.png>
Package pdftex.def Info: histogram3.png used on input line 199.
(pdftex.def)             Requested size: 169.04918pt x 132.69986pt.

<histogram4.png, id=322, 490.7133pt x 385.1991pt>
File: histogram4.png Graphic file (type png)
 <use histogram4.png>
Package pdftex.def Info: histogram4.png used on input line 204.
(pdftex.def)             Requested size: 169.04918pt x 132.69986pt.

<histogram5.png, id=323, 490.7133pt x 385.1991pt>
File: histogram5.png Graphic file (type png)
 <use histogram5.png>
Package pdftex.def Info: histogram5.png used on input line 209.
(pdftex.def)             Requested size: 169.04918pt x 132.69986pt.

<ranking_h_6.png, id=327, 449.5194pt x 385.9218pt>
File: ranking_h_6.png Graphic file (type png)
 <use ranking_h_6.png>
Package pdftex.def Info: ranking_h_6.png used on input line 222.
(pdftex.def)             Requested size: 162.15042pt x 139.2085pt.

Underfull \hbox (badness 10000) in paragraph at lines 223--223
[]\OT1/cmr/m/n/9 (a) |His-togram dis-tance,
 []

<ranking_l_6.png, id=328, 443.0151pt x 385.9218pt>
File: ranking_l_6.png Graphic file (type png)
 <use ranking_l_6.png>
Package pdftex.def Info: ranking_l_6.png used on input line 228.
(pdftex.def)             Requested size: 162.15042pt x 141.25777pt.

<ranking_h_65.png, id=329, 455.301pt x 325.9377pt>
File: ranking_h_65.png Graphic file (type png)
 <use ranking_h_65.png>
Package pdftex.def Info: ranking_h_65.png used on input line 233.
(pdftex.def)             Requested size: 162.15042pt x 116.07921pt.

Underfull \hbox (badness 10000) in paragraph at lines 234--234
[]\OT1/cmr/m/n/9 (c) |His-togram dis-tance,
 []

<ranking_l_65.png, id=330, 455.301pt x 325.9377pt>
File: ranking_l_65.png Graphic file (type png)
 <use ranking_l_65.png>
Package pdftex.def Info: ranking_l_65.png used on input line 239.
(pdftex.def)             Requested size: 162.15042pt x 116.07921pt.

<ranking_h_75.png, id=331, 479.1501pt x 385.9218pt>
File: ranking_h_75.png Graphic file (type png)
 <use ranking_h_75.png>
Package pdftex.def Info: ranking_h_75.png used on input line 244.
(pdftex.def)             Requested size: 162.15042pt x 130.59924pt.

Underfull \hbox (badness 10000) in paragraph at lines 245--245
[]\OT1/cmr/m/n/9 (e) |His-togram dis-tance,
 []

<ranking_l_75.png, id=332, 479.1501pt x 385.9218pt>
File: ranking_l_75.png Graphic file (type png)
 <use ranking_l_75.png>
Package pdftex.def Info: ranking_l_75.png used on input line 250.
(pdftex.def)             Requested size: 162.15042pt x 130.59924pt.
Package hyperref Info: bookmark level for unknown todo defaults to 0 on input l
ine 258.
Package atveryend Info: Empty hook `BeforeClearDocument' on input line 264.

[5] [6 <./randomimage1.png> <./randomimage2.png> <./randomimage3.png> <./random
image4.png> <./randomimage5.png> <./colorbar.png>] [7 <./word1.png> <./word2.pn
g> <./word3.png> <./word4.png> <./word5.png>] [8 <./histogram1.png> <./histogra
m2.png> <./histogram3.png> <./histogram4.png> <./histogram5.png>] [9 <./ranking
_h_6.png> <./ranking_l_6.png> <./ranking_h_65.png> <./ranking_l_65.png> <./rank
ing_h_75.png> <./ranking_l_75.png>]
Package atveryend Info: Empty hook `AfterLastShipout' on input line 264.
 (./deKokMethenitis3.aux)
Package atveryend Info: Executing hook `AtVeryEndDocument' on input line 264.
Package atveryend Info: Executing hook `AtEndAfterFileList' on input line 264.
Package rerunfilecheck Info: File `deKokMethenitis3.out' has not changed.
(rerunfilecheck)             Checksum: 9E6783BCAD5012AC2B2F6AFF7FAF5DBA;644.
Package atveryend Info: Empty hook `AtVeryVeryEnd' on input line 264.
 ) 
Here is how much of TeX's memory you used:
 16021 strings out of 493307
 284871 string characters out of 6139904
 366435 words of memory out of 5000000
 19124 multiletter control sequences out of 15000+600000
 14183 words of font info for 57 fonts, out of 8000000 for 9000
 957 hyphenation exceptions out of 8191
 63i,11n,92p,1006b,675s stack positions out of 5000i,500n,10000p,200000b,80000s
</usr/share/texlive/texmf-dist/fonts/type1/public/amsfonts/cm/cmbx12.pfb></us
r/share/texlive/texmf-dist/fonts/type1/public/amsfonts/cm/cmmi10.pfb></usr/shar
e/texlive/texmf-dist/fonts/type1/public/amsfonts/cm/cmmi12.pfb></usr/share/texl
ive/texmf-dist/fonts/type1/public/amsfonts/cm/cmmi9.pfb></usr/share/texlive/tex
mf-dist/fonts/type1/public/amsfonts/cm/cmr10.pfb></usr/share/texlive/texmf-dist
/fonts/type1/public/amsfonts/cm/cmr12.pfb></usr/share/texlive/texmf-dist/fonts/
type1/public/amsfonts/cm/cmr17.pfb></usr/share/texlive/texmf-dist/fonts/type1/p
ublic/amsfonts/cm/cmr6.pfb></usr/share/texlive/texmf-dist/fonts/type1/public/am
sfonts/cm/cmr7.pfb></usr/share/texlive/texmf-dist/fonts/type1/public/amsfonts/c
m/cmr8.pfb></usr/share/texlive/texmf-dist/fonts/type1/public/amsfonts/cm/cmr9.p
fb></usr/share/texlive/texmf-dist/fonts/type1/public/amsfonts/cm/cmsy10.pfb></u
sr/share/texlive/texmf-dist/fonts/type1/public/amsfonts/cm/cmtt10.pfb></usr/sha
re/texlive/texmf-dist/fonts/type1/public/amsfonts/cm/cmtt8.pfb></usr/share/texl
ive/texmf-dist/fonts/type1/public/amsfonts/cm/cmtt9.pfb></usr/share/texlive/tex
mf-dist/fonts/type1/public/amsfonts/symbols/msam10.pfb>
Output written on deKokMethenitis3.pdf (9 pages, 7113017 bytes).
PDF statistics:
 449 PDF objects out of 1000 (max. 8388607)
 214 compressed objects within 3 object streams
 28 named destinations out of 1000 (max. 500000)
 327 words of extra memory for PDF output out of 10000 (max. 10000000)

